[debug] [2020-03-08T12:59:44.625Z] ----------------------------------------------------------------------
[debug] [2020-03-08T12:59:44.627Z] Command:       C:\Program Files\nodejs\node.exe C:\Users\fatma.emul\AppData\Roaming\npm\node_modules\firebase-tools\lib\bin\firebase.js init
[debug] [2020-03-08T12:59:44.628Z] CLI Version:   7.14.0
[debug] [2020-03-08T12:59:44.628Z] Platform:      win32
[debug] [2020-03-08T12:59:44.628Z] Node Version:  v10.19.0
[debug] [2020-03-08T12:59:44.629Z] Time:          Sun Mar 08 2020 15:59:44 GMT+0300 (GMT+03:00)
[debug] [2020-03-08T12:59:44.629Z] ----------------------------------------------------------------------
[debug] [2020-03-08T12:59:44.629Z] 
[debug] [2020-03-08T12:59:44.636Z] > command requires scopes: ["email","openid","https://www.googleapis.com/auth/cloudplatformprojects.readonly","https://www.googleapis.com/auth/firebase","https://www.googleapis.com/auth/cloud-platform"]
[debug] [2020-03-08T12:59:44.637Z] > authorizing via signed-in user
[info] 
     ######## #### ########  ######## ########     ###     ######  ########
     ##        ##  ##     ## ##       ##     ##  ##   ##  ##       ##
     ######    ##  ########  ######   ########  #########  ######  ######
     ##        ##  ##    ##  ##       ##     ## ##     ##       ## ##
     ##       #### ##     ## ######## ########  ##     ##  ######  ########

You're about to initialize a Firebase project in this directory:

  D:\thesis\email-web-client

Before we get started, keep in mind:

  * You are initializing in an existing Firebase project directory

[info] 
=== Project Setup
[info] 
[info] First, let's associate this project directory with a Firebase project.
[info] You can create multiple project aliases by running firebase use --add, 
[info] but for now we'll just set up a default project.
[info] 
[info] i  .firebaserc already has a default project, using email-d1762.
[debug] [2020-03-08T12:59:54.222Z] >>> HTTP REQUEST GET https://firebase.googleapis.com/v1beta1/projects/email-d1762  
 
[debug] [2020-03-08T12:59:54.707Z] <<< HTTP RESPONSE 403
[debug] [2020-03-08T12:59:54.707Z] <<< HTTP RESPONSE BODY
[debug] [2020-03-08T12:59:54.715Z] HTTP Error: 403, The caller does not have permission
[debug] [2020-03-08T12:59:55.000Z] FirebaseError: HTTP Error: 403, The caller does not have permission
    at module.exports (C:\Users\fatma.emul\AppData\Roaming\npm\node_modules\firebase-tools\lib\responseToError.js:38:12)
    at Request._callback (C:\Users\fatma.emul\AppData\Roaming\npm\node_modules\firebase-tools\lib\api.js:39:35)
    at Request.self.callback (C:\Users\fatma.emul\AppData\Roaming\npm\node_modules\firebase-tools\node_modules\request\request.js:185:22)
    at Request.emit (events.js:198:13)
    at Request.EventEmitter.emit (domain.js:448:20)
    at Request.<anonymous> (C:\Users\fatma.emul\AppData\Roaming\npm\node_modules\firebase-tools\node_modules\request\request.js:1154:10)
    at Request.emit (events.js:198:13)
    at Request.EventEmitter.emit (domain.js:448:20)
    at IncomingMessage.<anonymous> (C:\Users\fatma.emul\AppData\Roaming\npm\node_modules\firebase-tools\node_modules\request\request.js:1076:12)
    at Object.onceWrapper (events.js:286:20)
    at IncomingMessage.emit (events.js:203:15)
    at IncomingMessage.EventEmitter.emit (domain.js:448:20)
    at endReadableNT (_stream_readable.js:1145:12)
    at process._tickCallback (internal/process/next_tick.js:63:19)
[error] 
[error] Error: Failed to get Firebase project email-d1762. Please make sure the project exists and your account has permission to access it.
